ChangeGameUIState: CSGO_GAME_UI_STATE_INGAME -> CSGO_GAME_UI_STATE_PAUSEMENU
PNG load error Interlace handling should be turned on when using png_read_image
Resource materials\panorama\images\icons\ui\globe.svg failed to load.
ChangeGameUIState: CSGO_GAME_UI_STATE_PAUSEMENU -> CSGO_GAME_UI_STATE_INGAME
Resource materials\panorama\images\icons\equipment\default.svg failed to load.
337.5 1462.5 0.6 0.0 1.8
337.5 1462.5 0.6 0.0 39.4
337.5 1462.5 0.6 0.0 50.2
337.5 1462.5 0.6 0.0 119.7
337.5 1462.5 0.6 0.0 93.0
337.6 1462.6 0.6 0.0 82.1
462.6 1506.5 1.2 0.0 31.7
472.5 1585.1 1.9 0.0 65.7
434.3 1683.6 3.6 0.0 122.2
426.8 1626.0 17.4 0.0 162.8
361.8 1571.3 3.1 0.0 198.3
220.9 1349.5 0.1 0.0 265.5
225.1 1363.2 0.1 0.0 322.9
250.5 1424.3 -0.0 0.0 12.4
283.8 1512.1 2.0 0.0 77.4
376.0 1516.6 2.0 0.0 103.9
403.1 1587.8 2.8 0.0 143.0
337.8 1621.3 8.2 0.0 173.2
282.5 1401.0 0.2 0.0 259.3
364.9 1454.7 0.6 0.0 4.2
384.7 1567.9 2.8 0.0 56.1
375.8 1659.3 39.4 0.0 90.0
287.6 1810.5 96.6 0.0 149.0
490.0 1571.6 1.4 0.0 306.4
465.1 1711.2 4.2 0.0 54.1
458.3 1749.4 4.9 0.0 89.8
427.3 1750.0 4.4 0.0 119.1
427.2 1749.2 5.5 0.0 156.2
444.0 1595.7 2.4 0.0 228.3
430.1 1505.6 1.5 0.0 207.2
370.2 1433.2 0.4 0.0 178.4
282.8 1403.8 0.2 0.0 147.7
-70.1 1411.0 -0.4 0.0 192.9
-164.4 1416.6 -0.3 0.0 230.2
-174.5 1244.7 0.3 0.0 60.8
-201.0 1333.8 0.1 0.0 106.6
-212.0 1431.7 0.0 0.0 178.9
-212.0 1370.6 0.0 0.0 222.8
Player: angelaliu9805 - Damage Given
-------------------------
Player: angelaliu9805 - Damage Taken
-------------------------
Damage Taken from "BOT Ulric" - 123 in 5 hits
Achievements disabled: cheats turned on in this app session.
-148.3 519.3 63.9 3.1 -43.9
-148.3 519.3 63.9 3.1 -16.4
-1962.5 387.5 9.0 0.0 0.0
-1962.5 387.5 9.0 0.0 0.0
Achievements disabled: cheats turned on in this app session.
-2031.7 322.2 8.0 0.0 229.9
-1970.4 281.0 9.0 0.0 315.6
-1880.2 274.9 1.3 0.0 2.3
-1643.3 967.2 30.6 0.0 96.2
-1667.8 1055.6 31.4 0.0 117.3
-2133.5 1189.4 36.0 0.0 216.9
-2096.8 1184.0 34.3 0.0 255.2
-2051.4 1212.1 33.5 0.0 297.0
-1967.1 1223.4 31.7 0.0 343.5
-1967.6 1891.4 1.0 0.0 53.1
Achievements disabled: cheats turned on in this app session.
Player: angelaliu9805 - Damage Given
-------------------------
Player: angelaliu9805 - Damage Taken
-------------------------
Damage Taken from "BOT Clarence" - 55 in 3 hits
Damage Taken from "BOT Fergus" - 45 in 2 hits
Achievements disabled: cheats turned on in this app session.
Achievements disabled: cheats turned on in this app session.
462.5 2712.5 96.3 0.0 0.0
Achievements disabled: cheats turned on in this app session.
417.0 2724.4 97.0 0.0 168.2
409.8 2680.3 96.3 0.0 193.3
424.3 2604.8 95.5 0.0 250.9
460.9 2519.7 95.4 0.0 289.3
501.5 2648.8 95.3 0.0 192.0
430.5 2598.3 95.4 0.0 226.8
-82.2 1442.4 -0.5 0.0 178.4
-170.9 1463.3 0.0 0.0 209.3
-212.0 1450.8 0.2 0.0 239.2
-190.7 795.6 1.5 0.0 79.3
-212.0 911.9 1.2 0.0 114.2
-212.0 1018.1 1.6 0.0 152.7
-212.0 1007.2 1.6 0.0 188.7
160.0 300.5 0.3 0.0 347.8
221.1 245.7 3.1 0.0 7.5
257.7 453.2 0.6 0.0 176.5
249.7 431.6 0.0 0.0 193.4
219.2 351.2 -0.5 0.0 251.5
344.1 110.9 -2.8 0.0 318.6
672.3 379.4 0.8 0.0 89.4
539.0 477.9 3.4 0.0 155.6
617.8 363.0 2.4 0.0 260.8
670.7 387.1 0.7 0.0 275.9
548.6 617.6 3.5 0.0 111.3
542.2 610.3 3.7 0.0 142.2
570.7 503.4 2.4 0.0 244.7
643.6 450.8 -0.9 0.0 282.6
706.3 460.5 1.4 0.0 354.5
721.4 565.3 1.2 0.0 63.9
718.5 565.8 1.2 0.0 84.7
667.9 523.4 -0.5 0.0 157.0
Player: angelaliu9805 - Damage Given
-------------------------
Player: angelaliu9805 - Damage Taken
-------------------------
Damage Taken from "BOT Marvin" - 22 in 1 hit
Damage Taken from "BOT Fergus" - 86 in 3 hits
Achievements disabled: cheats turned on in this app session.
655.8 445.2 63.3 0.1 -112.8
655.8 445.2 63.3 0.1 -88.0
655.8 445.2 63.3 0.1 -63.3
655.8 445.2 63.3 0.1 -41.3
655.8 445.2 63.3 0.1 -19.3
-1962.5 387.5 9.0 0.0 0.0
Achievements disabled: cheats turned on in this app session.
-1962.5 387.5 9.0 0.0 0.0
-2042.4 447.4 28.6 0.0 210.9
-2004.1 377.9 7.9 0.0 258.1
-1956.4 301.1 9.0 0.0 291.5
-1893.0 240.1 2.9 0.0 320.5
-1359.8 416.8 8.1 0.0 85.4
-1394.0 492.0 11.8 0.0 117.4
-1467.0 492.0 15.0 0.0 147.4
-1836.8 435.4 9.0 0.0 261.0
-1829.0 430.3 9.0 0.0 299.7
-1638.2 673.0 32.1 0.0 148.5
-1711.5 616.0 31.4 0.0 183.2
-1801.1 556.8 32.2 0.0 235.4
-1801.1 556.8 32.2 0.0 253.0
-1801.1 556.8 32.2 0.0 275.0
-1586.1 676.5 32.1 0.0 142.8
-1663.7 630.4 31.7 0.0 174.6
-1707.4 550.8 32.7 0.0 208.7
-1743.8 459.4 11.2 0.0 242.4
-1436.2 492.0 11.2 0.0 109.2
-1490.7 492.0 22.9 0.0 138.6
-1566.8 492.9 33.3 0.0 182.7
-2038.2 449.5 29.5 0.0 229.4
-2041.8 363.4 7.8 0.0 272.4
-1985.6 267.3 9.0 0.0 310.7
-1900.6 222.8 3.8 0.0 337.3
Achievements disabled: cheats turned on in this app session.
-1495.1 492.0 24.4 0.0 116.3
-1825.8 417.4 3.7 0.0 263.7
-1304.7 200.1 10.5 0.0 37.8
-1292.7 263.7 9.5 0.0 71.9
-1317.8 354.1 10.0 0.0 105.7
-1378.0 422.2 9.0 0.0 137.9
-1468.3 448.8 9.4 0.0 171.1
Player: angelaliu9805 - Damage Given
-------------------------
Player: angelaliu9805 - Damage Taken
-------------------------
Damage Taken from "BOT Ulric" - 113 in 5 hits
Achievements disabled: cheats turned on in this app session.
-1669.8 925.3 93.1 -0.0 112.9
1769.0 448.3 55.8 0.0 16.3
Achievements disabled: cheats turned on in this app session.
1766.0 525.3 55.7 0.0 57.8
1742.6 640.3 55.0 0.0 102.8
1649.5 747.3 26.2 0.0 138.9
Achievements disabled: cheats turned on in this app session.
1636.0 781.8 3.4 0.0 177.1
1636.0 781.8 3.4 0.0 178.6
Achievements disabled: cheats turned on in this app session.
1723.9 634.3 55.1 0.0 59.5
1666.2 729.3 38.0 0.0 104.4
1591.1 845.5 -11.4 0.0 140.6
1408.9 963.7 -8.0 0.0 186.0
1188.4 1085.7 -0.8 0.0 247.0
1099.1 1108.4 -0.7 0.0 268.8
1076.1 841.0 0.4 0.0 3.6
1002.8 1020.2 -0.1 0.0 209.9
Achievements disabled: cheats turned on in this app session.
Achievements disabled: cheats turned on in this app session.
741.0 495.6 2.7 0.0 249.2
741.0 357.0 4.2 0.0 319.7
568.7 690.8 1.1 0.0 75.9
584.4 695.7 0.9 0.0 53.1
584.4 695.7 0.9 0.0 22.5
584.4 695.7 0.9 0.0 346.7
584.4 695.7 0.9 0.0 342.2
584.4 695.7 0.9 0.0 326.3
584.5 695.7 0.9 0.0 318.4
692.4 872.4 0.1 0.0 101.0
534.0 1025.4 2.3 0.0 188.7
517.0 964.8 1.9 0.0 245.0
526.9 878.0 3.3 0.0 282.2
603.8 802.6 1.7 0.0 336.8
676.9 832.8 0.3 0.0 13.0
703.9 843.6 0.1 0.0 62.3
530.8 884.9 3.2 0.0 252.8
635.2 820.2 0.9 0.0 296.1
707.2 873.6 -0.0 0.0 317.4
Achievements disabled: cheats turned on in this app session.
Achievements disabled: cheats turned on in this app session.
Player: angelaliu9805 - Damage Given
-------------------------
Player: angelaliu9805 - Damage Taken
-------------------------
Damage Taken from "BOT Marvin" - 127 in 5 hits
Achievements disabled: cheats turned on in this app session.
Achievements disabled: cheats turned on in this app session.
-577.6 2167.8 -120.7 0.0 2.3
Player: angelaliu9805 - Damage Given
-------------------------
Player: angelaliu9805 - Damage Taken
-------------------------
Damage Taken from "BOT Ulric" - 112 in 5 hits
Achievements disabled: cheats turned on in this app session.
Achievements disabled: cheats turned on in this app session.
-1475.0 1125.0 35.2 0.0 25.3
-1475.0 1125.0 35.2 0.0 45.0
-1475.0 1125.0 35.2 0.0 77.5
-1475.0 1125.0 35.2 0.0 174.3
-1475.0 1125.0 35.2 0.0 229.2
-1415.3 1144.5 34.6 0.0 8.5
-1407.6 1147.9 34.4 0.0 38.1
-1636.3 1202.6 31.6 0.0 176.4
-1725.2 1162.5 30.6 0.0 209.5
-1572.4 1108.8 34.8 0.0 282.8
-1370.7 1122.1 34.3 0.0 11.7
-1273.7 1118.2 32.0 0.0 34.3
-1245.6 1116.6 30.9 0.0 74.5
-1245.6 1116.6 30.9 0.0 113.2
-1245.6 1116.6 30.9 0.0 125.9
Player: angelaliu9805 - Damage Given
-------------------------
Player: angelaliu9805 - Damage Taken
-------------------------
Damage Taken from "BOT Wesley" - 106 in 4 hits
Achievements disabled: cheats turned on in this app session.
-1245.6 1116.6 94.9 6.0 -174.7
-1245.6 1116.6 94.9 6.0 157.8
1100.0 487.5 4.6 0.0 0.0
Achievements disabled: cheats turned on in this app session.
1100.0 487.5 4.6 0.0 44.3
1100.0 487.5 4.6 0.0 4.1
Achievements disabled: cheats turned on in this app session.
Achievements disabled: cheats turned on in this app session.
Achievements disabled: cheats turned on in this app session.
Achievements disabled: cheats turned on in this app session.
685.6 790.1 0.2 0.0 295.3
733.0 839.0 0.0 0.0 335.5
Achievements disabled: cheats turned on in this app session.
1411.5 1413.6 -8.8 0.0 28.0
1665.2 1870.2 0.1 0.0 58.1
1747.7 1894.3 0.1 0.0 83.9
1788.0 1962.3 1.1 0.0 121.8
1786.4 2046.3 2.6 0.0 151.2
1775.4 2138.0 0.6 0.0 182.2
1693.2 2181.7 0.0 0.0 216.1
1739.2 1812.0 1.8 0.0 50.5
1788.0 1812.2 1.9 0.0 73.8
1753.3 1915.2 0.4 0.0 112.3
1713.4 1909.9 0.0 0.0 131.0
1651.7 1900.2 1.1 0.0 166.1
Achievements disabled: cheats turned on in this app session.
1311.5 1306.7 1.0 0.0 274.1
1289.7 1211.1 1.0 0.0 297.5
Achievements disabled: cheats turned on in this app session.
1476.3 1174.7 -9.5 0.0 130.7
1395.7 1211.2 -10.1 0.0 174.1
1145.4 1011.5 -2.7 0.0 236.5
1138.7 682.1 7.3 0.0 314.3
Achievements disabled: cheats turned on in this app session.
Achievements disabled: cheats turned on in this app session.
Player: angelaliu9805 - Damage Given
-------------------------
Player: angelaliu9805 - Damage Taken
-------------------------
Damage Taken from "BOT Fergus" - 77 in 4 hits
Achievements disabled: cheats turned on in this app session.
714.6 882.3 63.9 1.9 -121.9
714.6 882.3 63.9 1.9 -94.4
200.0 -787.5 -9.9 0.0 47.3
Achievements disabled: cheats turned on in this app session.
143.2 -557.5 -0.5 0.0 142.5
26.0 -570.3 1.7 0.0 211.8
5.3 -594.0 2.5 0.0 235.5
324.7 -348.5 1.5 0.0 94.9
303.1 -260.6 -0.3 0.0 114.0
Player: angelaliu9805 - Damage Given
-------------------------
Damage Given to "BOT Clarence" - 27 in 1 hit
Player: angelaliu9805 - Damage Taken
-------------------------
Damage Taken from "BOT Clarence" - 22 in 1 hit
Damage Taken from "BOT Fergus" - 88 in 4 hits
Achievements disabled: cheats turned on in this app session.
304.8 -81.0 61.7 9.6 64.2
304.8 -81.0 61.7 9.6 91.7
Achievements disabled: cheats turned on in this app session.
-662.5 1425.0 -113.7 0.0 0.1
-617.9 1382.3 -112.4 0.0 23.8
-490.0 1540.8 -123.9 0.0 141.2
-438.7 1414.8 -127.1 0.0 266.8
-357.3 1337.5 -124.8 0.0 343.2
Achievements disabled: cheats turned on in this app session.
-492.3 1886.7 -122.9 0.0 117.2
-434.3 1939.6 -126.2 0.0 136.1
-335.8 1503.8 -125.5 0.0 320.2
-313.4 1517.0 -125.3 0.0 146.6
-388.9 1502.9 -126.2 0.0 279.3
-430.7 1977.0 -126.1 0.0 122.0
-333.6 2150.0 -127.6 0.0 188.9
Player: angelaliu9805 - Damage Given
-------------------------
Player: angelaliu9805 - Damage Taken
-------------------------
Damage Taken from "BOT Fergus" - 20 in 1 hit
-333.6 2150.0 -121.6 2.6 -105.2
Achievements disabled: cheats turned on in this app session.
-333.6 2150.0 -63.6 2.6 -77.7
-333.6 2150.0 -63.6 2.6 -50.2
-333.6 2150.0 -63.6 2.6 -22.7
1100.0 487.5 4.6 0.0 0.0
Achievements disabled: cheats turned on in this app session.
728.6 507.7 1.6 0.0 301.2
721.9 566.0 1.2 0.0 60.6
657.8 567.2 0.6 0.0 92.8
540.1 557.8 4.2 0.0 140.1
539.1 477.8 3.4 0.0 169.2
570.0 339.9 8.7 0.0 242.0
651.1 381.0 0.1 0.0 288.0
737.1 461.6 3.3 0.0 318.6
741.0 473.3 3.4 0.0 305.3
Player: angelaliu9805 - Damage Given
-------------------------
Player: angelaliu9805 - Damage Taken
-------------------------
Damage Taken from "BOT Marvin" - 116 in 5 hits
Achievements disabled: cheats turned on in this app session.
741.0 434.4 67.8 -4.3 45.3
741.0 434.4 67.8 -4.3 72.8
741.0 434.4 67.8 -4.3 97.5
741.0 434.4 67.8 -4.3 125.0
Achievements disabled: cheats turned on in this app session.
Achievements disabled: cheats turned on in this app session.
-449.5 1445.5 -126.2 0.0 13.6
Achievements disabled: cheats turned on in this app session.
Achievements disabled: cheats turned on in this app session.
-496.3 1694.1 -120.7 0.0 133.5
-528.9 1799.3 -119.2 0.0 162.1
-444.6 1700.8 -125.4 0.0 272.9
-430.6 1677.1 -126.2 0.0 312.9
Achievements disabled: cheats turned on in this app session.
Achievements disabled: cheats turned on in this app session.
-480.3 2010.4 -123.3 0.0 107.5
Achievements disabled: cheats turned on in this app session.
-1535.0 2050.1 -0.9 0.0 148.0
-2161.3 2223.2 0.7 0.0 257.8
-2178.8 2143.1 2.8 0.0 279.8
-2081.9 2099.2 1.5 0.0 316.1
-1973.5 2090.7 -2.1 0.0 351.2
-1699.0 2653.2 7.6 0.0 207.1
-1353.4 2175.7 2.1 0.0 49.9
-1348.0 2194.9 2.1 0.0 78.2
Player: angelaliu9805 - Damage Given
-------------------------
Player: angelaliu9805 - Damage Taken
-------------------------
Damage Taken from "BOT Fergus" - 50 in 2 hits
Achievements disabled: cheats turned on in this app session.
650.0 925.0 0.1 0.0 0.0
650.0 925.0 0.1 0.0 0.0
Achievements disabled: cheats turned on in this app session.
650.0 925.0 0.1 0.0 35.7
650.0 925.0 0.1 0.0 358.5
650.0 925.0 0.1 0.0 358.5
647.2 935.6 0.1 0.0 66.7
531.8 1012.4 2.0 0.0 189.2
516.0 932.6 3.0 0.0 232.6
521.7 837.7 3.3 0.0 269.2
582.7 816.2 2.7 0.0 298.8
668.7 842.9 0.4 0.0 328.3
950.7 953.4 0.2 0.0 29.2
Certificate expires in 14h46m at 1684518355 (current time 1684465142), will renew in 12h46m
1577.2 1300.4 0.0 0.0 92.8
1564.2 1346.4 1.0 0.0 108.5
1517.0 1383.2 -3.0 0.0 128.5
1458.0 1436.1 -8.8 0.0 119.0
1505.6 1759.2 -5.3 0.0 94.1
1523.8 1879.3 -8.5 0.0 132.3
Player: angelaliu9805 - Damage Given
-------------------------
Player: angelaliu9805 - Damage Taken
-------------------------
Damage Taken from "BOT Ulric" - 84 in 1 hit
Damage Taken from "BOT Clarence" - 31 in 1 hit
Achievements disabled: cheats turned on in this app session.
1521.6 1897.0 54.8 -0.1 167.6
-350.0 1175.0 -95.0 0.0 0.0
Achievements disabled: cheats turned on in this app session.
Achievements disabled: cheats turned on in this app session.
Achievements disabled: cheats turned on in this app session.
Achievements disabled: cheats turned on in this app session.
Achievements disabled: cheats turned on in this app session.
Achievements disabled: cheats turned on in this app session.
Achievements disabled: cheats turned on in this app session.
-389.4 1374.5 -126.4 0.0 186.5
Achievements disabled: cheats turned on in this app session.
-432.6 1073.4 -69.6 0.0 288.8
-392.8 988.5 -51.3 0.0 309.2
-306.0 936.7 -30.1 0.0 346.2
Achievements disabled: cheats turned on in this app session.
-381.6 1376.8 -126.2 0.0 193.4
Achievements disabled: cheats turned on in this app session.
-352.8 1031.8 -60.4 0.0 291.4
-275.0 906.2 -22.5 0.0 342.9
-309.6 1285.4 -117.3 0.0 114.7
-357.0 1251.9 -117.2 0.0 154.4
Achievements disabled: cheats turned on in this app session.
-391.8 1038.4 -63.3 0.0 278.2
-341.7 964.0 -38.6 0.0 311.6
Player: angelaliu9805 - Damage Given
-------------------------
Player: angelaliu9805 - Damage Taken
-------------------------
Damage Taken from "BOT Fergus" - 111 in 2 hits
Achievements disabled: cheats turned on in this app session.
-275.0 894.3 44.5 3.0 47.7
-275.0 894.3 44.5 3.0 72.5
Achievements disabled: cheats turned on in this app session.
639.8 528.4 -1.0 0.0 282.1
699.9 451.1 1.2 0.0 308.5
741.0 411.2 4.2 0.0 343.5
703.9 418.8 1.8 0.0 59.5
576.3 458.0 2.8 0.0 114.4
539.0 505.9 4.2 0.0 140.8
562.5 431.9 5.5 0.0 248.6
644.5 376.2 0.4 0.0 289.6
741.0 442.1 3.8 0.0 340.2
683.2 464.6 0.4 0.0 66.7
596.9 452.6 1.9 0.0 115.4
539.2 374.9 9.6 0.0 159.2
567.2 338.6 9.0 0.0 242.3
740.9 450.6 3.7 0.0 349.3
741.0 552.3 1.3 0.0 72.4
737.8 566.0 1.3 0.0 86.5
Achievements disabled: cheats turned on in this app session.
Player: angelaliu9805 - Damage Given
-------------------------
Damage Given to "BOT Fergus" - 165 in 3 hits
Player: angelaliu9805 - Damage Taken
-------------------------
Damage Taken from "BOT Marvin" - 124 in 5 hits
Achievements disabled: cheats turned on in this app session.
Achievements disabled: cheats turned on in this app session.
Achievements disabled: cheats turned on in this app session.
Achievements disabled: cheats turned on in this app session.
Achievements disabled: cheats turned on in this app session.
Going to intermission...
CHANGELEVEL: Looking for next level in mapgroup 'mg_de_dust2'
Looking for next map in mapgroup 'mg_de_dust2'...
CHANGELEVEL: Choosing map 'de_dust2' (previous was de_dust2)
Achievements disabled: cheats turned on in this app session.
Achievements disabled: cheats turned on in this app session.
Error reading file materials/panorama/images/ui_textures/flare.png.
ChangeGameUIState: CSGO_GAME_UI_STATE_INGAME -> CSGO_GAME_UI_STATE_PAUSEMENU
PNG load error Interlace handling should be turned on when using png_read_image
Resource materials\panorama\images\icons\ui\globe.svg failed to load.
CHANGELEVEL: Looking for next level in mapgroup 'mg_de_dust2'
Looking for next map in mapgroup 'mg_de_dust2'...
CHANGELEVEL: Choosing map 'de_dust2' (previous was de_dust2)
CHANGELEVEL: Not changing level, mp_match_end_restart is false, mp_match_end_changelevel is false and next is the same
DispatchAsyncEvent backlog, failed to dispatch all this frame. 62 of 1435 remaining
DispatchAsyncEvent backlog, failed to dispatch all this frame. 1095 of 1123 remaining
DispatchAsyncEvent backlog, failed to dispatch all this frame. 279 of 1676 remaining
0:  Reinitialized 2 predictable entities
